0 info it worked if it ends with ok
1 verbose cli [ '/usr/local/bin/node', '/usr/local/bin/npm', 'publish' ]
2 info using npm@1.4.28
3 info using node@v0.10.32
4 verbose publish [ '.' ]
5 verbose cache add [ '.', null ]
6 verbose cache add name=undefined spec="." args=[".",null]
7 verbose parsed url { protocol: null,
7 verbose parsed url   slashes: null,
7 verbose parsed url   auth: null,
7 verbose parsed url   host: null,
7 verbose parsed url   port: null,
7 verbose parsed url   hostname: null,
7 verbose parsed url   hash: null,
7 verbose parsed url   search: null,
7 verbose parsed url   query: null,
7 verbose parsed url   pathname: '.',
7 verbose parsed url   path: '.',
7 verbose parsed url   href: '.' }
8 silly lockFile 3a52ce78- .
9 verbose lock . /Users/cherijs/.npm/3a52ce78-.lock
10 verbose tar pack [ '/Users/cherijs/.npm/generator-ulla-wp-theme/0.0.1/package.tgz',
10 verbose tar pack   '.' ]
11 verbose tarball /Users/cherijs/.npm/generator-ulla-wp-theme/0.0.1/package.tgz
12 verbose folder .
13 info prepublish generator-ulla-wp-theme@0.0.1
14 silly lockFile 1f1177db-tar tar://.
15 verbose lock tar://. /Users/cherijs/.npm/1f1177db-tar.lock
16 silly lockFile d2f5de2f--ulla-wp-theme-0-0-1-package-tgz tar:///Users/cherijs/.npm/generator-ulla-wp-theme/0.0.1/package.tgz
17 verbose lock tar:///Users/cherijs/.npm/generator-ulla-wp-theme/0.0.1/package.tgz /Users/cherijs/.npm/d2f5de2f--ulla-wp-theme-0-0-1-package-tgz.lock
18 silly lockFile 1f1177db-tar tar://.
19 silly lockFile 1f1177db-tar tar://.
20 silly lockFile d2f5de2f--ulla-wp-theme-0-0-1-package-tgz tar:///Users/cherijs/.npm/generator-ulla-wp-theme/0.0.1/package.tgz
21 silly lockFile d2f5de2f--ulla-wp-theme-0-0-1-package-tgz tar:///Users/cherijs/.npm/generator-ulla-wp-theme/0.0.1/package.tgz
22 silly lockFile 48267299-ator-ulla-wp-theme-0-0-1-package /Users/cherijs/.npm/generator-ulla-wp-theme/0.0.1/package
23 verbose lock /Users/cherijs/.npm/generator-ulla-wp-theme/0.0.1/package /Users/cherijs/.npm/48267299-ator-ulla-wp-theme-0-0-1-package.lock
24 silly lockFile 48267299-ator-ulla-wp-theme-0-0-1-package /Users/cherijs/.npm/generator-ulla-wp-theme/0.0.1/package
25 silly lockFile 48267299-ator-ulla-wp-theme-0-0-1-package /Users/cherijs/.npm/generator-ulla-wp-theme/0.0.1/package
26 silly lockFile 3a52ce78- .
27 silly lockFile 3a52ce78- .
28 silly publish { name: 'generator-ulla-wp-theme',
28 silly publish   version: '0.0.1',
28 silly publish   description: 'A starting point for developing Wordpress themes',
28 silly publish   keywords:
28 silly publish    [ 'yeoman-generator',
28 silly publish      'Wordpress theme',
28 silly publish      'Wordpress',
28 silly publish      'Theme',
28 silly publish      'Development',
28 silly publish      'PHP',
28 silly publish      'Sass',
28 silly publish      'Grunt' ],
28 silly publish   main: 'index.js',
28 silly publish   scripts: { test: 'echo "Error: no test specified" && exit 1' },
28 silly publish   author: { name: 'Arturs Cirsis', url: 'https://github.com/cherijs' },
28 silly publish   license: 'ISC',
28 silly publish   dependencies: { 'yeoman-generator': '^0.17.1', chalk: '^0.5.0' },
28 silly publish   bugs: { url: 'https://github.com/cherijs/generator-Ulla-wp-theme/issues' },
28 silly publish   homepage: 'https://github.com/cherijs/generator-Ulla-wp-theme',
28 silly publish   repository:
28 silly publish    { type: 'git',
28 silly publish      url: 'git://github.com/cherijs/generator-Ulla-wp-theme' },
28 silly publish   files: [ 'app' ],
28 silly publish   readme: '# generator-ulla-wp-theme\n\n## About\n\nA Yeoman generator for creating a starting point for developing Wordpress themes. You\'ll need npm, yeoman, grunt & sass installed, but if your awesome you\'ll already have that setup.\n\n## Setup\n\nInstall the package on your machine using:\n\n    npm install generator-ulla-wp-theme\n\nLot\'s of code will happen. This may take a few minutes. Go make a beverage! When it\'s done you can use the generator like so... Navigate to your development Wordpress\' theme folder [change path as needed]:\n\n   cd ~/Sites/Development/Wordpress/wp-content/themes\n\nRun the generator\n\n    yo ulla-wp-theme\n\nYou will be prompted with a few basic questions to help the setup get started. Once you get past the description question you will again see lots of code. That\'s grunt and bower doing their thing. It\'s also time to drink your beverage!\n\n## Development\n\nIn your theme folder you will now have a folder with the name of your theme which is setup with the basics to get a theme ofter the ground quickly. Grunt lives in the dev/tasks/ folder in your theme so navigate to that and run:\n\n    grunt\n\nThis will watch your sass, js and images in the dev folder and the php files in your theme. If your using livereload then now would be a good time to start it! You should NEVER edit the css, js or image files in static. Static is used for serving the files and they are replaced when grunt detects changes in dev! So with that firndly warning it\'s time to build your theme!... Off you go!\n\n* Dev = GOOD!\n* Static = BAD!\n\n## Production\n\nWhen you\'re done and ready to go live you\'ll need to minify your js and whatnot. You can do this by using:\n\n    grunt prod\n\n*MEGA BIG WARNING!!!! This will minify all css, js and image files in the static folder and OVERWRITE THEM with minified versions of the same name (so WP doesn\'t need paths to be changed)! Make sure any css, js and images are kept in the dev folder.*\n\nOnce the prod is complete you\'ll notice a new .zip file with your theme name! That\'s your theme all packeged up, minfied, optimized and shiny.\n\n* Upload\n* Activate\n* ?????\n* Profit\n\n\n\n## Sundries\n\n### Theme structure\n\n/dev/ - Where you will be working.\n/static/ - wp links to theme files in here - dev compiles to here.\n/_inc/ - The settings framework.\n/content-parts/ - Where to put your template parts such as loops etc (if you want to)\n\nstyle.css - names and sets up your theme as far as WP is concerned.\nfunctions.php - your theme functions\noptions.php - options for the settings framework\n*.php your theme files\n\n    themename\n    |\n    |-dev\n    | |-scss\n    | |-js\n    | |-images\n    | |-fonts\n    |\n    |-static\n    | |-css\n    | |-js\n    | |-images\n    | |-fonts\n    |\n    |-content-parts\n    |\n    |\n    |*.php\n    |style.css\n\n',
28 silly publish   readmeFilename: 'README.md',
28 silly publish   _id: 'generator-ulla-wp-theme@0.0.1',
28 silly publish   _shasum: '21950d025c67e582356f21fbe4253d87cb2ef957',
28 silly publish   _from: '.' }
29 error need auth auth and email required for publishing
29 error need auth You need to authorize this machine using `npm adduser`
30 error System Darwin 14.0.0
31 error command "/usr/local/bin/node" "/usr/local/bin/npm" "publish"
32 error cwd /Users/cherijs/_REPO/generator-Ulla-wp-theme
33 error node -v v0.10.32
34 error npm -v 1.4.28
35 error code ENEEDAUTH
36 verbose exit [ 1, true ]
